<?xml version="1.0" encoding="UTF-8"?>
<Site BuildName="(empty)"
	BuildStamp="20250227-0446-Experimental"
	Name="(empty)"
	Generator="ctest-3.28.3"
	CompilerName=""
	CompilerVersion=""
	OSName="Linux"
	Hostname="mikhail-Raider-GE78HX-13VH"
	OSRelease="6.11.0-17-generic"
	OSVersion="#17~24.04.2-Ubuntu SMP PREEMPT_DYNAMIC Mon Jan 20 22:48:29 UTC 2"
	OSPlatform="x86_64"
	Is64Bits="1"
	VendorString="GenuineIntel"
	VendorID="Intel Corporation"
	FamilyID="6"
	ModelID="183"
	ProcessorCacheSize="36864"
	NumberOfLogicalCPU="32"
	NumberOfPhysicalCPU="24"
	TotalVirtualMemory="0"
	TotalPhysicalMemory="63995"
	LogicalProcessorsPerPhysical="1"
	ProcessorClockFrequency="4400"
	>
	<Testing>
		<StartDateTime>Feb 27 07:46 MSK</StartDateTime>
		<StartTestTime>1740631567</StartTestTime>
		<TestList/>
		<EndDateTime>Feb 27 07:46 MSK</EndDateTime>
		<EndTestTime>1740631567</EndTestTime>
		<ElapsedMinutes>0</ElapsedMinutes>
	</Testing>
</Site>
